2020-06-10 20:46:19: === User Changed Action from 'COPY_FILE_LTOR' to 'NO_COPY' on item /avatar_132428_1572376684.jpeg
2020-06-10 20:46:19: === User Changed Action from 'COPY_FILE_LTOR' to 'NO_COPY' on item /avatar_132466_1484496378.gif
2020-06-10 20:46:19: === User Changed Action from 'COPY_FILE_LTOR' to 'NO_COPY' on item /avatar_138729_1580446823.jpeg
2020-06-10 20:46:19: === User Changed Action from 'COPY_FILE_LTOR' to 'NO_COPY' on item /avatar_142266_1522470654.jpeg
2020-06-10 20:46:19: === User Changed Action from 'COPY_FILE_LTOR' to 'NO_COPY' on item /avatar_18610_1580205637.jpeg
2020-06-10 20:46:19: === User Changed Action from 'COPY_FILE_LTOR' to 'NO_COPY' on item /avatar_56694_1587195759.gif
2020-06-10 20:46:19: === User Changed Action from 'COPY_FILE_LTOR' to 'NO_COPY' on item /avatar_59597_1333207515.jpeg
2020-06-10 20:46:19: === User Changed Action from 'COPY_FILE_LTOR' to 'NO_COPY' on item /avatar_71080_1470752933.gif
2020-06-10 20:46:19: === User Changed Action from 'COPY_FILE_LTOR' to 'NO_COPY' on item /avatar_88941_1391003862.jpeg
2020-06-10 20:46:19: === User Changed Action from 'COPY_FILE_LTOR' to 'NO_COPY' on item /blank.png
2020-06-10 20:46:19: === User Changed Action from 'COPY_FILE_LTOR' to 'NO_COPY' on item /index.php
2020-06-10 20:46:19: Done.
2020-06-10 20:46:26: == Sync Started by User Command
2020-06-10 20:46:26: Скопирован новый 'G:/_prgs/woodtools-copy-from-sity/UploadedAvatars/avatar_110236_1590091708.jpeg' -> 'Y:/OSPanel5-3-5/domains/wt0610/UploadedAvatars/avatar_110236_1590091708.jpeg' (2 632)
2020-06-10 20:46:26: Скопирован новый 'G:/_prgs/woodtools-copy-from-sity/UploadedAvatars/avatar_127240_1590819228.jpeg' -> 'Y:/OSPanel5-3-5/domains/wt0610/UploadedAvatars/avatar_127240_1590819228.jpeg' (1 871)
2020-06-10 20:46:26: Скопирован новый 'G:/_prgs/woodtools-copy-from-sity/UploadedAvatars/avatar_129206_1589724933.jpeg' -> 'Y:/OSPanel5-3-5/domains/wt0610/UploadedAvatars/avatar_129206_1589724933.jpeg' (1 987)
2020-06-10 20:46:26: Скопирован новый 'G:/_prgs/woodtools-copy-from-sity/UploadedAvatars/avatar_132428_1591002407.jpeg' -> 'Y:/OSPanel5-3-5/domains/wt0610/UploadedAvatars/avatar_132428_1591002407.jpeg' (3 109)
2020-06-10 20:46:26: Скопирован новый 'G:/_prgs/woodtools-copy-from-sity/UploadedAvatars/avatar_138729_1589121562.jpeg' -> 'Y:/OSPanel5-3-5/domains/wt0610/UploadedAvatars/avatar_138729_1589121562.jpeg' (3 250)
2020-06-10 20:46:26: Скопирован новый 'G:/_prgs/woodtools-copy-from-sity/UploadedAvatars/avatar_142266_1589690725.jpeg' -> 'Y:/OSPanel5-3-5/domains/wt0610/UploadedAvatars/avatar_142266_1589690725.jpeg' (2 901)
2020-06-10 20:46:26: Скопирован новый 'G:/_prgs/woodtools-copy-from-sity/UploadedAvatars/avatar_145839_1590398266.jpeg' -> 'Y:/OSPanel5-3-5/domains/wt0610/UploadedAvatars/avatar_145839_1590398266.jpeg' (1 801)
2020-06-10 20:46:26: Скопирован новый 'G:/_prgs/woodtools-copy-from-sity/UploadedAvatars/avatar_149018_1588312300.jpeg' -> 'Y:/OSPanel5-3-5/domains/wt0610/UploadedAvatars/avatar_149018_1588312300.jpeg' (2 721)
2020-06-10 20:46:26: Скопирован новый 'G:/_prgs/woodtools-copy-from-sity/UploadedAvatars/avatar_150247_1587213076.jpeg' -> 'Y:/OSPanel5-3-5/domains/wt0610/UploadedAvatars/avatar_150247_1587213076.jpeg' (1 642)
2020-06-10 20:46:26: Скопирован новый 'G:/_prgs/woodtools-copy-from-sity/UploadedAvatars/avatar_151061_1587390257.jpg' -> 'Y:/OSPanel5-3-5/domains/wt0610/UploadedAvatars/avatar_151061_1587390257.jpg' (5 590)
2020-06-10 20:46:26: Скопирован новый 'G:/_prgs/woodtools-copy-from-sity/UploadedAvatars/avatar_151078_1587497871.jpeg' -> 'Y:/OSPanel5-3-5/domains/wt0610/UploadedAvatars/avatar_151078_1587497871.jpeg' (2 205)
2020-06-10 20:46:26: Скопирован новый 'G:/_prgs/woodtools-copy-from-sity/UploadedAvatars/avatar_151094_1587606338.jpg' -> 'Y:/OSPanel5-3-5/domains/wt0610/UploadedAvatars/avatar_151094_1587606338.jpg' (3 631)
2020-06-10 20:46:26: Скопирован новый 'G:/_prgs/woodtools-copy-from-sity/UploadedAvatars/avatar_151109_1587737205.jpg' -> 'Y:/OSPanel5-3-5/domains/wt0610/UploadedAvatars/avatar_151109_1587737205.jpg' (15 302)
2020-06-10 20:46:26: Скопирован новый 'G:/_prgs/woodtools-copy-from-sity/UploadedAvatars/avatar_151110_1587749726.jpeg' -> 'Y:/OSPanel5-3-5/domains/wt0610/UploadedAvatars/avatar_151110_1587749726.jpeg' (3 474)
2020-06-10 20:46:26: Скопирован новый 'G:/_prgs/woodtools-copy-from-sity/UploadedAvatars/avatar_151124_1587845728.jpg' -> 'Y:/OSPanel5-3-5/domains/wt0610/UploadedAvatars/avatar_151124_1587845728.jpg' (7 281)
2020-06-10 20:46:26: Скопирован новый 'G:/_prgs/woodtools-copy-from-sity/UploadedAvatars/avatar_151134_1587930856.jpeg' -> 'Y:/OSPanel5-3-5/domains/wt0610/UploadedAvatars/avatar_151134_1587930856.jpeg' (3 465)
2020-06-10 20:46:27: Скопирован новый 'G:/_prgs/woodtools-copy-from-sity/UploadedAvatars/avatar_151156_1588180286.jpg' -> 'Y:/OSPanel5-3-5/domains/wt0610/UploadedAvatars/avatar_151156_1588180286.jpg' (2 434)
2020-06-10 20:46:27: Скопирован новый 'G:/_prgs/woodtools-copy-from-sity/UploadedAvatars/avatar_151187_1588446088.jpg' -> 'Y:/OSPanel5-3-5/domains/wt0610/UploadedAvatars/avatar_151187_1588446088.jpg' (6 128)
2020-06-10 20:46:27: Скопирован новый 'G:/_prgs/woodtools-copy-from-sity/UploadedAvatars/avatar_151221_1588795196.jpeg' -> 'Y:/OSPanel5-3-5/domains/wt0610/UploadedAvatars/avatar_151221_1588795196.jpeg' (2 298)
2020-06-10 20:46:27: Скопирован новый 'G:/_prgs/woodtools-copy-from-sity/UploadedAvatars/avatar_151226_1588750601.jpeg' -> 'Y:/OSPanel5-3-5/domains/wt0610/UploadedAvatars/avatar_151226_1588750601.jpeg' (3 155)
2020-06-10 20:46:27: Скопирован новый 'G:/_prgs/woodtools-copy-from-sity/UploadedAvatars/avatar_151264_1589104335.jpeg' -> 'Y:/OSPanel5-3-5/domains/wt0610/UploadedAvatars/avatar_151264_1589104335.jpeg' (2 340)
2020-06-10 20:46:27: Скопирован новый 'G:/_prgs/woodtools-copy-from-sity/UploadedAvatars/avatar_151373_1590348272.jpeg' -> 'Y:/OSPanel5-3-5/domains/wt0610/UploadedAvatars/avatar_151373_1590348272.jpeg' (2 708)
2020-06-10 20:46:27: Скопирован новый 'G:/_prgs/woodtools-copy-from-sity/UploadedAvatars/avatar_151379_1590144610.jpeg' -> 'Y:/OSPanel5-3-5/domains/wt0610/UploadedAvatars/avatar_151379_1590144610.jpeg' (2 800)
2020-06-10 20:46:27: Скопирован новый 'G:/_prgs/woodtools-copy-from-sity/UploadedAvatars/avatar_151410_1590418773.jpeg' -> 'Y:/OSPanel5-3-5/domains/wt0610/UploadedAvatars/avatar_151410_1590418773.jpeg' (2 967)
2020-06-10 20:46:27: Скопирован новый 'G:/_prgs/woodtools-copy-from-sity/UploadedAvatars/avatar_151439_1590657518.jpeg' -> 'Y:/OSPanel5-3-5/domains/wt0610/UploadedAvatars/avatar_151439_1590657518.jpeg' (2 255)
2020-06-10 20:46:27: Скопирован новый 'G:/_prgs/woodtools-copy-from-sity/UploadedAvatars/avatar_151497_1591285943.jpg' -> 'Y:/OSPanel5-3-5/domains/wt0610/UploadedAvatars/avatar_151497_1591285943.jpg' (1 947)
2020-06-10 20:46:27: Скопирован новый 'G:/_prgs/woodtools-copy-from-sity/UploadedAvatars/avatar_151552_1591614797.jpeg' -> 'Y:/OSPanel5-3-5/domains/wt0610/UploadedAvatars/avatar_151552_1591614797.jpeg' (3 720)
2020-06-10 20:46:27: Скопирован новый 'G:/_prgs/woodtools-copy-from-sity/UploadedAvatars/avatar_18610_1589907060.gif' -> 'Y:/OSPanel5-3-5/domains/wt0610/UploadedAvatars/avatar_18610_1589907060.gif' (48 003)
2020-06-10 20:46:27: Скопировано поверх 'G:/_prgs/woodtools-copy-from-sity/UploadedAvatars/avatar_47204.jpeg' -> 'Y:/OSPanel5-3-5/domains/wt0610/UploadedAvatars/avatar_47204.jpeg' (2 413)
2020-06-10 20:46:27: Скопирован новый 'G:/_prgs/woodtools-copy-from-sity/UploadedAvatars/avatar_56694_1588437529.gif' -> 'Y:/OSPanel5-3-5/domains/wt0610/UploadedAvatars/avatar_56694_1588437529.gif' (10 248)
2020-06-10 20:46:27: Скопирован новый 'G:/_prgs/woodtools-copy-from-sity/UploadedAvatars/avatar_71080_1590333223.gif' -> 'Y:/OSPanel5-3-5/domains/wt0610/UploadedAvatars/avatar_71080_1590333223.gif' (3 971)
2020-06-10 20:46:27: ===== Синхронизация завершена. Время 00:00:01, Скорость: 0.00/s файлов/сек =====, Синхронизировано: 5 542, Ошибок: 0
2020-06-10 20:46:27: 
